
*** Running vivado
    with args -log mux16_1.vds -m64 -product Vivado -mode batch -messageDb vivado.pb -notrace -source mux16_1.tcl



****** Vivado v2022.1 (64-bit)
  **** SW Build 3526262 on Mon Apr 18 15:48:16 MDT 2022
  **** IP Build 3524634 on Mon Apr 18 20:55:01 MDT 2022
    ** Copyright 1986-2022 Xilinx, Inc. All Rights Reserved.

source mux16_1.tcl -notrace
create_project: Time (s): cpu = 00:00:06 ; elapsed = 00:00:06 . Memory (MB): peak = 1279.414 ; gain = 9.238
Command: read_checkpoint -auto_incremental -incremental C:/Users/Marco/Desktop/GitHub/Architettura/Esercizio1-Multiplexer/Esercizio/MUX16-1.srcs/utils_1/imports/synth_1/MUX4_1.dcp
INFO: [Vivado 12-5825] Read reference checkpoint from C:/Users/Marco/Desktop/GitHub/Architettura/Esercizio1-Multiplexer/Esercizio/MUX16-1.srcs/utils_1/imports/synth_1/MUX4_1.dcp for incremental synthesis
INFO: [Vivado 12-7989] Please ensure there are no constraint changes
Command: synth_design -top mux16_1 -part xc7a12ticsg325-1L
Starting synth_design
Attempting to get a license for feature 'Synthesis' and/or device 'xc7a12ti'
INFO: [Common 17-349] Got license for feature 'Synthesis' and/or device 'xc7a12ti'
INFO: [Synth 8-7079] Multithreading enabled for synth_design using a maximum of 2 processes.
INFO: [Synth 8-7078] Launching helper process for spawning children vivado processes
INFO: [Synth 8-7075] Helper process launched with PID 2956
---------------------------------------------------------------------------------
Starting Synthesize : Time (s): cpu = 00:00:06 ; elapsed = 00:00:07 . Memory (MB): peak = 1279.414 ; gain = 0.000
---------------------------------------------------------------------------------
INFO: [Synth 8-638] synthesizing module 'mux16_1' [C:/Users/Marco/Desktop/GitHub/Architettura/Esercizio1-Multiplexer/Esercizio/MUX16-1.srcs/sources_1/new/mux16_1.vhd:42]
INFO: [Synth 8-3491] module 'mux4_1' declared at 'C:/Users/Marco/Desktop/GitHub/Architettura/Esercizio1-Multiplexer/Esercizio/MUX16-1.srcs/sources_1/new/MUX4-1.vhd:34' bound to instance 'm' of component 'mux4_1' [C:/Users/Marco/Desktop/GitHub/Architettura/Esercizio1-Multiplexer/Esercizio/MUX16-1.srcs/sources_1/new/mux16_1.vhd:58]
INFO: [Synth 8-638] synthesizing module 'mux4_1' [C:/Users/Marco/Desktop/GitHub/Architettura/Esercizio1-Multiplexer/Esercizio/MUX16-1.srcs/sources_1/new/MUX4-1.vhd:42]
INFO: [Synth 8-226] default block is never used [C:/Users/Marco/Desktop/GitHub/Architettura/Esercizio1-Multiplexer/Esercizio/MUX16-1.srcs/sources_1/new/MUX4-1.vhd:45]
INFO: [Synth 8-256] done synthesizing module 'mux4_1' (0#1) [C:/Users/Marco/Desktop/GitHub/Architettura/Esercizio1-Multiplexer/Esercizio/MUX16-1.srcs/sources_1/new/MUX4-1.vhd:42]
INFO: [Synth 8-3491] module 'mux4_1' declared at 'C:/Users/Marco/Desktop/GitHub/Architettura/Esercizio1-Multiplexer/Esercizio/MUX16-1.srcs/sources_1/new/MUX4-1.vhd:34' bound to instance 'm' of component 'mux4_1' [C:/Users/Marco/Desktop/GitHub/Architettura/Esercizio1-Multiplexer/Esercizio/MUX16-1.srcs/sources_1/new/mux16_1.vhd:58]
INFO: [Synth 8-3491] module 'mux4_1' declared at 'C:/Users/Marco/Desktop/GitHub/Architettura/Esercizio1-Multiplexer/Esercizio/MUX16-1.srcs/sources_1/new/MUX4-1.vhd:34' bound to instance 'm' of component 'mux4_1' [C:/Users/Marco/Desktop/GitHub/Architettura/Esercizio1-Multiplexer/Esercizio/MUX16-1.srcs/sources_1/new/mux16_1.vhd:58]
INFO: [Synth 8-3491] module 'mux4_1' declared at 'C:/Users/Marco/Desktop/GitHub/Architettura/Esercizio1-Multiplexer/Esercizio/MUX16-1.srcs/sources_1/new/MUX4-1.vhd:34' bound to instance 'm' of component 'mux4_1' [C:/Users/Marco/Desktop/GitHub/Architettura/Esercizio1-Multiplexer/Esercizio/MUX16-1.srcs/sources_1/new/mux16_1.vhd:58]
INFO: [Synth 8-3491] module 'mux4_1' declared at 'C:/Users/Marco/Desktop/GitHub/Architettura/Esercizio1-Multiplexer/Esercizio/MUX16-1.srcs/sources_1/new/MUX4-1.vhd:34' bound to instance 'm_out' of component 'mux4_1' [C:/Users/Marco/Desktop/GitHub/Architettura/Esercizio1-Multiplexer/Esercizio/MUX16-1.srcs/sources_1/new/mux16_1.vhd:66]
INFO: [Synth 8-256] done synthesizing module 'mux16_1' (0#1) [C:/Users/Marco/Desktop/GitHub/Architettura/Esercizio1-Multiplexer/Esercizio/MUX16-1.srcs/sources_1/new/mux16_1.vhd:42]
---------------------------------------------------------------------------------
Finished Synthesize : Time (s): cpu = 00:00:08 ; elapsed = 00:00:09 . Memory (MB): peak = 1279.414 ; gain = 0.000
---------------------------------------------------------------------------------
---------------------------------------------------------------------------------
Finished Constraint Validation : Time (s): cpu = 00:00:08 ; elapsed = 00:00:10 . Memory (MB): peak = 1279.414 ; gain = 0.000
---------------------------------------------------------------------------------
---------------------------------------------------------------------------------
Start Loading Part and Timing Information
---------------------------------------------------------------------------------
Loading part: xc7a12ticsg325-1L
---------------------------------------------------------------------------------
Finished Loading Part and Timing Information : Time (s): cpu = 00:00:08 ; elapsed = 00:00:10 . Memory (MB): peak = 1279.414 ; gain = 0.000
---------------------------------------------------------------------------------
INFO: [Device 21-403] Loading part xc7a12ticsg325-1L
---------------------------------------------------------------------------------
Start Preparing Guide Design
---------------------------------------------------------------------------------
CRITICAL WARNING: [Synth 8-6895] The reference checkpoint C:/Users/Marco/Desktop/GitHub/Architettura/Esercizio1-Multiplexer/Esercizio/MUX16-1.srcs/utils_1/imports/synth_1/MUX4_1.dcp is not suitable for use with incremental synthesis for this design. Please regenerate the checkpoint for this design with -incremental_synth switch in the same Vivado session that synth_design has been run. Synthesis will continue with the default flow
---------------------------------------------------------------------------------
Finished Doing Graph Differ : Time (s): cpu = 00:00:09 ; elapsed = 00:00:10 . Memory (MB): peak = 1279.414 ; gain = 0.000
---------------------------------------------------------------------------------
---------------------------------------------------------------------------------
Finished Preparing Guide Design : Time (s): cpu = 00:00:09 ; elapsed = 00:00:10 . Memory (MB): peak = 1279.414 ; gain = 0.000
---------------------------------------------------------------------------------
---------------------------------------------------------------------------------
Finished RTL Optimization Phase 2 : Time (s): cpu = 00:00:09 ; elapsed = 00:00:10 . Memory (MB): peak = 1279.414 ; gain = 0.000
---------------------------------------------------------------------------------


Incremental Synthesis Report Summary:

1. Incremental synthesis run: no

   Reason for not running incremental synthesis : 


INFO: [Synth 8-7130] Flow is switching to default flow due to incremental criteria not met. If you would like to alter this behaviour and have the flow terminate instead, please set the following parameter config_implementation {autoIncr.Synth.RejectBehavior Terminate}
No constraint files found.
---------------------------------------------------------------------------------
Start RTL Component Statistics 
---------------------------------------------------------------------------------
Detailed RTL Component Info : 
+---Muxes : 
	   4 Input    1 Bit        Muxes := 5     
---------------------------------------------------------------------------------
Finished RTL Component Statistics 
---------------------------------------------------------------------------------
---------------------------------------------------------------------------------
Start Part Resource Summary
---------------------------------------------------------------------------------
Part Resources:
DSPs: 40 (col length:40)
BRAMs: 40 (col length: RAMB18 40 RAMB36 20)
---------------------------------------------------------------------------------
Finished Part Resource Summary
---------------------------------------------------------------------------------
No constraint files found.
---------------------------------------------------------------------------------
Start Cross Boundary and Area Optimization
---------------------------------------------------------------------------------
WARNING: [Synth 8-7080] Parallel synthesis criteria is not met
---------------------------------------------------------------------------------
Finished Cross Boundary and Area Optimization : Time (s): cpu = 00:00:14 ; elapsed = 00:00:16 . Memory (MB): peak = 1279.414 ; gain = 0.000
---------------------------------------------------------------------------------
No constraint files found.
---------------------------------------------------------------------------------
Start Timing Optimization
---------------------------------------------------------------------------------
---------------------------------------------------------------------------------
Finished Timing Optimization : Time (s): cpu = 00:00:14 ; elapsed = 00:00:16 . Memory (MB): peak = 1279.414 ; gain = 0.000
---------------------------------------------------------------------------------
---------------------------------------------------------------------------------
Start Technology Mapping
---------------------------------------------------------------------------------
---------------------------------------------------------------------------------
Finished Technology Mapping : Time (s): cpu = 00:00:14 ; elapsed = 00:00:16 . Memory (MB): peak = 1279.414 ; gain = 0.000
---------------------------------------------------------------------------------
---------------------------------------------------------------------------------
Start IO Insertion
---------------------------------------------------------------------------------
---------------------------------------------------------------------------------
Start Flattening Before IO Insertion
---------------------------------------------------------------------------------
---------------------------------------------------------------------------------
Finished Flattening Before IO Insertion
---------------------------------------------------------------------------------
---------------------------------------------------------------------------------
Start Final Netlist Cleanup
---------------------------------------------------------------------------------
---------------------------------------------------------------------------------
Finished Final Netlist Cleanup
---------------------------------------------------------------------------------
---------------------------------------------------------------------------------
Finished IO Insertion : Time (s): cpu = 00:00:20 ; elapsed = 00:00:22 . Memory (MB): peak = 1279.414 ; gain = 0.000
---------------------------------------------------------------------------------
---------------------------------------------------------------------------------
Start Renaming Generated Instances
---------------------------------------------------------------------------------
---------------------------------------------------------------------------------
Finished Renaming Generated Instances : Time (s): cpu = 00:00:20 ; elapsed = 00:00:22 . Memory (MB): peak = 1279.414 ; gain = 0.000
---------------------------------------------------------------------------------
---------------------------------------------------------------------------------
Start Rebuilding User Hierarchy
---------------------------------------------------------------------------------
---------------------------------------------------------------------------------
Finished Rebuilding User Hierarchy : Time (s): cpu = 00:00:20 ; elapsed = 00:00:22 . Memory (MB): peak = 1279.414 ; gain = 0.000
---------------------------------------------------------------------------------
---------------------------------------------------------------------------------
Start Renaming Generated Ports
---------------------------------------------------------------------------------
---------------------------------------------------------------------------------
Finished Renaming Generated Ports : Time (s): cpu = 00:00:20 ; elapsed = 00:00:22 . Memory (MB): peak = 1279.414 ; gain = 0.000
---------------------------------------------------------------------------------
---------------------------------------------------------------------------------
Start Handling Custom Attributes
---------------------------------------------------------------------------------
---------------------------------------------------------------------------------
Finished Handling Custom Attributes : Time (s): cpu = 00:00:20 ; elapsed = 00:00:22 . Memory (MB): peak = 1279.414 ; gain = 0.000
---------------------------------------------------------------------------------
---------------------------------------------------------------------------------
Start Renaming Generated Nets
---------------------------------------------------------------------------------
---------------------------------------------------------------------------------
Finished Renaming Generated Nets : Time (s): cpu = 00:00:20 ; elapsed = 00:00:22 . Memory (MB): peak = 1279.414 ; gain = 0.000
---------------------------------------------------------------------------------
---------------------------------------------------------------------------------
Start Writing Synthesis Report
---------------------------------------------------------------------------------

Report BlackBoxes: 
+-+--------------+----------+
| |BlackBox name |Instances |
+-+--------------+----------+
+-+--------------+----------+

Report Cell Usage: 
+------+------+------+
|      |Cell  |Count |
+------+------+------+
|1     |LUT6  |     4|
|2     |MUXF7 |     2|
|3     |MUXF8 |     1|
|4     |IBUF  |    20|
|5     |OBUF  |     1|
+------+------+------+

Report Instance Areas: 
+------+---------+-------+------+
|      |Instance |Module |Cells |
+------+---------+-------+------+
|1     |top      |       |    28|
+------+---------+-------+------+
---------------------------------------------------------------------------------
Finished Writing Synthesis Report : Time (s): cpu = 00:00:20 ; elapsed = 00:00:22 . Memory (MB): peak = 1279.414 ; gain = 0.000
---------------------------------------------------------------------------------
Synthesis finished with 0 errors, 1 critical warnings and 1 warnings.
Synthesis Optimization Runtime : Time (s): cpu = 00:00:20 ; elapsed = 00:00:22 . Memory (MB): peak = 1279.414 ; gain = 0.000
Synthesis Optimization Complete : Time (s): cpu = 00:00:20 ; elapsed = 00:00:22 . Memory (MB): peak = 1279.414 ; gain = 0.000
INFO: [Project 1-571] Translating synthesized netlist
Netlist sorting complete. Time (s): cpu = 00:00:00 ; elapsed = 00:00:00 . Memory (MB): peak = 1279.414 ; gain = 0.000
INFO: [Netlist 29-17] Analyzing 3 Unisim elements for replacement
INFO: [Netlist 29-28] Unisim Transformation completed in 0 CPU seconds
INFO: [Project 1-570] Preparing netlist for logic optimization
INFO: [Opt 31-138] Pushed 0 inverter(s) to 0 load pin(s).
Netlist sorting complete. Time (s): cpu = 00:00:00 ; elapsed = 00:00:00 . Memory (MB): peak = 1279.414 ; gain = 0.000
INFO: [Project 1-111] Unisim Transformation Summary:
No Unisim elements were transformed.

Synth Design complete, checksum: 1759a8b2
INFO: [Common 17-83] Releasing license: Synthesis
25 Infos, 1 Warnings, 1 Critical Warnings and 0 Errors encountered.
synth_design completed successfully
synth_design: Time (s): cpu = 00:00:22 ; elapsed = 00:00:24 . Memory (MB): peak = 1279.414 ; gain = 0.000
INFO: [runtcl-6] Synthesis results are not added to the cache due to CRITICAL_WARNING
INFO: [Common 17-1381] The checkpoint 'C:/Users/Marco/Desktop/GitHub/Architettura/Esercizio1-Multiplexer/Esercizio/MUX16-1.runs/synth_1/mux16_1.dcp' has been generated.
INFO: [runtcl-4] Executing : report_utilization -file mux16_1_utilization_synth.rpt -pb mux16_1_utilization_synth.pb
INFO: [Common 17-206] Exiting Vivado at Wed Jan  4 12:49:04 2023...
